<?xml version="1.0" encoding="UTF-8"?>
<testng-results ignored="4" total="5" passed="1" failed="0" skipped="0">
  <reporter-output>
  </reporter-output>
  <suite started-at="2022-10-21T00:32:26 EDT" name="Default suite" finished-at="2022-10-21T00:32:29 EDT" duration-ms="3400">
    <groups>
    </groups>
    <test started-at="2022-10-21T00:32:26 EDT" name="Default test" finished-at="2022-10-21T00:32:29 EDT" duration-ms="3400">
      <class name="com.APITest.TekarchAPITest">
        <test-method is-config="true" signature="setup()[pri:0, instance:com.APITest.TekarchAPITest@130161f7]" started-at="2022-10-21T00:32:26 EDT" name="setup" finished-at="2022-10-21T00:32:26 EDT" duration-ms="695" status="PASS">
          <reporter-output>
          </reporter-output>
        </test-method> <!-- setup -->
        <test-method signature="TestCase5()[pri:0, instance:com.APITest.TekarchAPITest@130161f7]" started-at="2022-10-21T00:32:26 EDT" name="TestCase5" finished-at="2022-10-21T00:32:29 EDT" duration-ms="2644" status="PASS">
          <reporter-output>
          </reporter-output>
        </test-method> <!-- TestCase5 -->
      </class> <!-- com.APITest.TekarchAPITest -->
    </test> <!-- Default test -->
  </suite> <!-- Default suite -->
</testng-results>
