<?xml version="1.0" encoding="UTF-8"?>
<!-- Generated by org.testng.reporters.JUnitXMLReporter -->
<testsuite ignored="4" hostname="ASEHGALVHQL18" failures="0" tests="1" name="Default test" time="3.4" errors="0" timestamp="2022-10-21T00:32:29 EDT">
  <testcase classname="com.APITest.TekarchAPITest" name="TestCase5" time="2.644"/>
  <testcase classname="com.APITest.TekarchAPITest" name="TestCase1" time="0.0">
    <ignored/>
  </testcase> <!-- TestCase1 -->
  <testcase classname="com.APITest.TekarchAPITest" name="TestCase3" time="0.0">
    <ignored/>
  </testcase> <!-- TestCase3 -->
  <testcase classname="com.APITest.TekarchAPITest" name="TestCase4" time="0.0">
    <ignored/>
  </testcase> <!-- TestCase4 -->
  <testcase classname="com.APITest.TekarchAPITest" name="TestCase2" time="0.0">
    <ignored/>
  </testcase> <!-- TestCase2 -->
</testsuite> <!-- Default test -->
